{"C:\\Users\\bruno6162\\Downloads\\bruno\\Web-Scraping-Node.js\\tests\\scraping.js": {"path":"C:\\Users\\bruno6162\\Downloads\\bruno\\Web-Scraping-Node.js\\tests\\scraping.js","statementMap":{"0":{"start":{"line":2,"column":4},"end":{"line":2,"column":17}},"1":{"start":{"line":5,"column":2},"end":{"line":5,"column":25}}},"fnMap":{"0":{"name":"sum","decl":{"start":{"line":1,"column":9},"end":{"line":1,"column":12}},"loc":{"start":{"line":1,"column":19},"end":{"line":3,"column":3}},"line":1}},"branchMap":{},"s":{"0":2,"1":1},"f":{"0":2},"b":{},"_coverageSchema":"1a1c01bbd47fc00a2c39e90264f33305004495a9","hash":"4e3ae672c9eea3a2b11e3dbc801f87375409102d"}
}
